{
  "RSpec": {
    "coverage": {
      "/Users/jonosommers/Desktop/personal-projects/dexly/dexly-be/config/environment.rb": {
        "lines": [
          null,
          1,
          null,
          null,
          1
        ]
      },
      "/Users/jonosommers/Desktop/personal-projects/dexly/dexly-be/config/application.rb": {
        "lines": [
          1,
          null,
          1,
          null,
          1,
          1,
          1,
          1,
          1,
          1,
          1,
          1,
          1,
          1,
          null,
          null,
          null,
          null,
          1,
          null,
          1,
          1,
          null,
          1,
          null,
          null,
          null,
          null,
          1,
          null,
          null,
          null,
          null,
          null,
          null,
          null,
          null,
          null,
          null,
          null,
          null,
          1,
          null,
          null
        ]
      },
      "/Users/jonosommers/Desktop/personal-projects/dexly/dexly-be/config/boot.rb": {
        "lines": [
          1,
          null,
          1,
          1
        ]
      },
      "/Users/jonosommers/Desktop/personal-projects/dexly/dexly-be/config/environments/test.rb": {
        "lines": [
          null,
          null,
          null,
          null,
          null,
          1,
          null,
          null,
          null,
          1,
          null,
          null,
          null,
          null,
          null,
          1,
          null,
          null,
          1,
          null,
          null,
          1,
          1,
          null,
          null,
          1,
          null,
          null,
          1,
          null,
          null,
          1,
          null,
          null,
          null,
          null,
          1,
          null,
          null,
          1,
          null,
          null,
          1,
          null,
          null,
          null,
          null,
          null,
          null,
          null,
          null,
          1,
          null
        ]
      },
      "/Users/jonosommers/Desktop/personal-projects/dexly/dexly-be/config/initializers/cors.rb": {
        "lines": [
          null,
          null,
          null,
          null,
          null,
          null,
          null,
          1,
          1,
          1,
          null,
          1,
          null,
          null,
          null,
          null
        ]
      },
      "/Users/jonosommers/Desktop/personal-projects/dexly/dexly-be/config/initializers/filter_parameter_logging.rb": {
        "lines": [
          null,
          null,
          null,
          null,
          null,
          1,
          null,
          null
        ]
      },
      "/Users/jonosommers/Desktop/personal-projects/dexly/dexly-be/config/initializers/inflections.rb": {
        "lines": [
          null,
          null,
          null,
          null,
          null,
          null,
          null,
          null,
          null,
          null,
          null,
          null,
          null,
          null,
          null,
          null
        ]
      },
      "/Users/jonosommers/Desktop/personal-projects/dexly/dexly-be/spec/factories/binder_cards.rb": {
        "lines": [
          1,
          1,
          1,
          1,
          null,
          null
        ]
      },
      "/Users/jonosommers/Desktop/personal-projects/dexly/dexly-be/spec/factories/binders.rb": {
        "lines": [
          1,
          1,
          24,
          24,
          null,
          null
        ]
      },
      "/Users/jonosommers/Desktop/personal-projects/dexly/dexly-be/spec/factories/cards.rb": {
        "lines": [
          1,
          1,
          574,
          565,
          560,
          579,
          579,
          579,
          579,
          579,
          null,
          null
        ]
      },
      "/Users/jonosommers/Desktop/personal-projects/dexly/dexly-be/spec/factories/user_binders.rb": {
        "lines": [
          1,
          1,
          1,
          1,
          null,
          null
        ]
      },
      "/Users/jonosommers/Desktop/personal-projects/dexly/dexly-be/spec/factories/users.rb": {
        "lines": [
          1,
          1,
          27,
          28,
          28,
          null,
          null
        ]
      },
      "/Users/jonosommers/Desktop/personal-projects/dexly/dexly-be/spec/requests/api/v1/binders_request_spec.rb": {
        "lines": [
          1,
          null,
          1,
          14,
          14,
          null,
          1,
          1,
          1,
          null,
          1,
          null,
          null,
          null,
          1,
          null,
          1,
          null,
          1,
          null,
          1,
          1,
          1,
          1,
          null,
          null,
          1,
          null,
          1,
          null,
          null,
          1,
          null,
          1,
          null,
          1,
          1,
          null,
          null,
          null,
          null,
          1,
          1,
          1,
          null,
          1,
          null,
          null,
          1,
          null,
          1,
          null,
          1,
          1,
          null,
          null,
          1,
          null,
          1,
          null,
          null,
          null,
          1,
          null,
          1,
          null,
          1,
          1,
          null,
          null,
          null,
          1,
          1,
          null,
          1,
          null,
          null,
          null,
          1,
          null,
          1,
          null,
          1,
          1,
          null,
          null,
          null,
          null,
          1,
          2,
          null,
          1,
          1,
          1,
          null,
          1,
          1,
          null,
          null,
          null,
          null,
          1,
          3,
          null,
          1,
          1,
          1,
          null,
          1,
          null,
          1,
          1,
          null,
          null,
          1,
          1,
          null,
          1,
          null,
          1,
          1,
          null,
          null,
          null,
          null,
          1,
          2,
          null,
          1,
          1,
          1,
          null,
          null,
          null,
          null,
          1,
          null,
          1,
          1,
          1,
          null,
          null,
          null,
          null,
          1,
          5,
          null,
          1,
          1,
          1,
          null,
          1,
          null,
          1,
          1,
          null,
          null,
          1,
          1,
          null,
          1,
          null,
          1,
          1,
          null,
          null,
          null,
          1,
          1,
          1,
          1,
          null,
          1,
          null,
          1,
          1,
          null,
          null,
          1,
          1,
          null,
          1,
          null,
          1,
          1,
          null,
          null,
          null,
          null
        ]
      },
      "/Users/jonosommers/Desktop/personal-projects/dexly/dexly-be/spec/requests/api/v1/cards_request_spec.rb": {
        "lines": [
          1,
          null,
          1,
          1,
          11,
          11,
          null,
          null,
          1,
          1,
          1,
          1,
          null,
          1,
          1,
          1,
          1,
          1,
          null,
          1,
          null,
          1,
          null,
          6,
          null,
          1,
          null,
          null,
          null,
          1,
          1,
          1,
          null,
          1,
          null,
          1,
          1,
          null,
          1,
          1,
          1,
          1,
          1,
          1,
          null,
          null,
          null,
          null,
          null,
          null,
          null,
          null,
          null,
          null,
          null,
          null,
          1,
          1,
          1,
          null,
          1,
          null,
          1,
          null,
          1,
          1,
          1,
          null,
          null,
          null,
          1,
          1,
          1,
          null,
          1,
          null,
          1,
          null,
          1,
          1,
          null,
          null,
          1,
          1,
          null,
          1,
          null,
          1,
          null,
          1,
          1,
          null,
          null,
          null,
          1,
          1,
          1,
          null,
          1,
          null,
          1,
          null,
          1,
          1,
          null,
          null,
          1,
          1,
          null,
          1,
          null,
          1,
          null,
          1,
          1,
          null,
          null,
          null,
          1,
          1,
          1,
          null,
          1,
          1,
          1,
          null,
          1,
          null,
          1,
          null,
          1,
          1,
          1,
          null,
          null,
          null,
          null,
          1,
          1,
          1,
          1,
          null,
          1,
          null,
          1,
          null,
          1,
          1,
          null,
          null,
          null,
          1,
          1,
          1,
          null,
          1,
          null,
          1,
          null,
          1,
          1,
          null,
          null,
          null,
          1,
          1,
          1,
          null,
          1,
          1,
          null,
          1,
          null,
          null,
          null,
          null
        ]
      },
      "/Users/jonosommers/Desktop/personal-projects/dexly/dexly-be/spec/requests/api/v1/sessions_spec.rb": {
        "lines": [
          1,
          null,
          1,
          1,
          6,
          null,
          1,
          1,
          1,
          null,
          1,
          1,
          1,
          null,
          null,
          null,
          1,
          1,
          1,
          null,
          1,
          1,
          1,
          null,
          null,
          null,
          1,
          1,
          1,
          null,
          1,
          1,
          1,
          null,
          null,
          null,
          1,
          1,
          1,
          null,
          1,
          null,
          null,
          1,
          1,
          null,
          1,
          null,
          null,
          null,
          null
        ]
      },
      "/Users/jonosommers/Desktop/personal-projects/dexly/dexly-be/spec/requests/api/v1/users_request_spec.rb": {
        "lines": [
          1,
          null,
          1,
          1,
          1,
          1,
          1,
          null,
          null,
          null,
          null,
          null,
          1,
          null,
          1,
          1,
          1,
          1,
          1,
          1,
          1,
          null,
          null,
          null,
          null,
          1,
          1,
          1,
          1,
          null,
          1,
          null,
          null,
          null,
          null,
          null,
          1,
          null,
          1,
          1,
          null,
          null,
          null,
          1,
          1,
          1,
          null,
          null,
          null,
          null,
          null,
          1,
          null,
          1,
          1,
          null,
          null,
          null,
          1,
          1,
          1,
          null,
          null,
          null,
          null,
          null,
          1,
          null,
          1,
          1,
          null,
          null,
          null,
          1,
          1,
          1,
          null,
          null,
          null,
          null,
          1,
          null,
          1,
          1,
          null,
          null,
          null,
          null,
          1,
          1,
          2,
          2,
          2,
          null,
          1,
          1,
          null,
          1,
          null,
          1,
          null,
          1,
          1,
          1,
          1,
          null,
          null,
          null,
          null,
          null,
          null,
          null,
          null,
          1,
          1,
          1,
          1,
          null,
          1,
          null,
          1,
          1,
          null,
          null,
          null,
          null
        ]
      },
      "/Users/jonosommers/Desktop/personal-projects/dexly/dexly-be/app/models/user.rb": {
        "lines": [
          1,
          1,
          1,
          1,
          null,
          1,
          1,
          null
        ]
      },
      "/Users/jonosommers/Desktop/personal-projects/dexly/dexly-be/app/models/application_record.rb": {
        "lines": [
          1,
          1,
          null
        ]
      },
      "/Users/jonosommers/Desktop/personal-projects/dexly/dexly-be/app/models/binder.rb": {
        "lines": [
          1,
          1,
          1,
          null,
          1,
          1,
          null,
          1,
          null
        ]
      },
      "/Users/jonosommers/Desktop/personal-projects/dexly/dexly-be/app/models/card.rb": {
        "lines": [
          1,
          1,
          null,
          1,
          1,
          null,
          1,
          1,
          1,
          1,
          null
        ]
      },
      "/Users/jonosommers/Desktop/personal-projects/dexly/dexly-be/app/models/user_binder.rb": {
        "lines": [
          1,
          1,
          1,
          null,
          1,
          1,
          null
        ]
      },
      "/Users/jonosommers/Desktop/personal-projects/dexly/dexly-be/config/routes.rb": {
        "lines": [
          1,
          null,
          null,
          null,
          null,
          1,
          null,
          null,
          null,
          null,
          1,
          1,
          1,
          1,
          1,
          1,
          null,
          null,
          1,
          null,
          null,
          null
        ]
      },
      "/Users/jonosommers/Desktop/personal-projects/dexly/dexly-be/app/controllers/api/v1/binder_cards_controller.rb": {
        "lines": [
          1,
          1,
          5,
          4,
          3,
          1,
          1,
          null,
          null,
          1,
          4,
          3,
          2,
          1,
          null,
          null
        ]
      },
      "/Users/jonosommers/Desktop/personal-projects/dexly/dexly-be/app/controllers/application_controller.rb": {
        "lines": [
          1,
          1,
          1,
          null,
          1,
          11,
          null,
          null,
          null,
          null,
          null,
          null,
          null,
          null,
          1,
          null,
          1,
          8,
          null,
          null,
          1,
          13,
          null,
          null,
          1,
          19,
          3,
          3,
          null,
          null
        ]
      },
      "/Users/jonosommers/Desktop/personal-projects/dexly/dexly-be/app/models/binder_card.rb": {
        "lines": [
          1,
          1,
          1,
          null,
          1,
          1,
          null
        ]
      },
      "/Users/jonosommers/Desktop/personal-projects/dexly/dexly-be/app/serializers/binder_serializer.rb": {
        "lines": [
          1,
          1,
          1,
          null,
          1,
          5,
          null,
          1,
          null,
          null,
          null,
          null,
          null,
          null,
          null,
          null,
          null,
          null,
          null
        ]
      },
      "/Users/jonosommers/Desktop/personal-projects/dexly/dexly-be/app/controllers/api/v1/binders_controller.rb": {
        "lines": [
          1,
          1,
          5,
          4,
          2,
          null,
          null,
          1,
          5,
          4,
          3,
          1,
          null,
          null,
          1,
          3,
          2,
          1,
          1,
          null,
          null,
          1,
          null,
          1,
          4,
          null,
          null
        ]
      },
      "/Users/jonosommers/Desktop/personal-projects/dexly/dexly-be/app/controllers/api/v1/cards_controller.rb": {
        "lines": [
          1,
          1,
          11,
          null,
          null,
          null,
          11,
          7,
          7,
          7,
          null,
          4,
          4,
          null,
          null,
          4,
          null,
          null,
          11,
          null,
          null
        ]
      },
      "/Users/jonosommers/Desktop/personal-projects/dexly/dexly-be/app/serializers/card_serializer.rb": {
        "lines": [
          1,
          1,
          1,
          null
        ]
      },
      "/Users/jonosommers/Desktop/personal-projects/dexly/dexly-be/app/controllers/api/v1/sessions_controller.rb": {
        "lines": [
          1,
          1,
          5,
          5,
          null,
          5,
          2,
          null,
          null,
          3,
          null,
          3,
          1,
          null,
          2,
          null,
          null,
          null,
          null
        ]
      },
      "/Users/jonosommers/Desktop/personal-projects/dexly/dexly-be/app/controllers/api/v1/users_controller.rb": {
        "lines": [
          1,
          1,
          2,
          null,
          null,
          1,
          5,
          1,
          null,
          null,
          1,
          null,
          1,
          5,
          null,
          null
        ]
      },
      "/Users/jonosommers/Desktop/personal-projects/dexly/dexly-be/app/serializers/user_serializer.rb": {
        "lines": [
          1,
          1,
          1,
          null,
          1,
          2,
          null,
          1,
          null,
          null,
          null,
          null,
          null,
          null
        ]
      }
    },
    "timestamp": 1749064803
  }
}
